2013-12-12 16:36:03,392 INFO [org.jasig.cas.services.DefaultServicesManagerImpl] - Loaded 1 services.
2013-12-12 16:36:04,856 INFO [org.jasig.cas.util.AutowiringSchedulerFactoryBean] - Starting Quartz Scheduler now
2013-12-12 16:36:22,667 INFO [org.jasig.cas.ticket.registry.support.DefaultTicketRegistryCleaner] - Beginning ticket cleanup.
2013-12-12 16:36:22,675 INFO [org.jasig.cas.ticket.registry.support.DefaultTicketRegistryCleaner] - 0 tickets found to be removed.
2013-12-12 16:36:22,676 INFO [org.jasig.cas.ticket.registry.support.DefaultTicketRegistryCleaner] - Finished ticket cleanup.
2013-12-12 16:38:03,446 INFO [org.jasig.cas.services.DefaultServicesManagerImpl] - Reloading registered services.
2013-12-12 16:38:03,446 INFO [org.jasig.cas.services.DefaultServicesManagerImpl] - Loaded 1 services.
2013-12-12 16:40:03,432 INFO [org.jasig.cas.services.DefaultServicesManagerImpl] - Reloading registered services.
2013-12-12 16:40:03,433 INFO [org.jasig.cas.services.DefaultServicesManagerImpl] - Loaded 1 services.
2013-12-12 16:42:03,432 INFO [org.jasig.cas.services.DefaultServicesManagerImpl] - Reloading registered services.
2013-12-12 16:42:03,432 INFO [org.jasig.cas.services.DefaultServicesManagerImpl] - Loaded 1 services.
2013-12-12 16:44:03,432 INFO [org.jasig.cas.services.DefaultServicesManagerImpl] - Reloading registered services.
2013-12-12 16:44:03,439 INFO [org.jasig.cas.services.DefaultServicesManagerImpl] - Loaded 1 services.
2013-12-12 16:46:03,432 INFO [org.jasig.cas.services.DefaultServicesManagerImpl] - Reloading registered services.
2013-12-12 16:46:03,433 INFO [org.jasig.cas.services.DefaultServicesManagerImpl] - Loaded 1 services.
2013-12-12 16:48:03,433 INFO [org.jasig.cas.services.DefaultServicesManagerImpl] - Reloading registered services.
2013-12-12 16:48:03,433 INFO [org.jasig.cas.services.DefaultServicesManagerImpl] - Loaded 1 services.
2013-12-12 16:50:03,432 INFO [org.jasig.cas.services.DefaultServicesManagerImpl] - Reloading registered services.
2013-12-12 16:50:03,432 INFO [org.jasig.cas.services.DefaultServicesManagerImpl] - Loaded 1 services.
2013-12-12 16:52:03,444 INFO [org.jasig.cas.services.DefaultServicesManagerImpl] - Reloading registered services.
2013-12-12 16:52:03,444 INFO [org.jasig.cas.services.DefaultServicesManagerImpl] - Loaded 1 services.
2013-12-12 16:54:03,432 INFO [org.jasig.cas.services.DefaultServicesManagerImpl] - Reloading registered services.
2013-12-12 16:54:03,432 INFO [org.jasig.cas.services.DefaultServicesManagerImpl] - Loaded 1 services.
2013-12-12 16:56:03,432 INFO [org.jasig.cas.services.DefaultServicesManagerImpl] - Reloading registered services.
2013-12-12 16:56:03,432 INFO [org.jasig.cas.services.DefaultServicesManagerImpl] - Loaded 1 services.
2013-12-12 16:58:03,432 INFO [org.jasig.cas.services.DefaultServicesManagerImpl] - Reloading registered services.
2013-12-12 16:58:03,433 INFO [org.jasig.cas.services.DefaultServicesManagerImpl] - Loaded 1 services.
2013-12-12 17:00:03,444 INFO [org.jasig.cas.services.DefaultServicesManagerImpl] - Reloading registered services.
2013-12-12 17:00:03,444 INFO [org.jasig.cas.services.DefaultServicesManagerImpl] - Loaded 1 services.
2013-12-12 17:02:03,433 INFO [org.jasig.cas.services.DefaultServicesManagerImpl] - Reloading registered services.
2013-12-12 17:02:03,433 INFO [org.jasig.cas.services.DefaultServicesManagerImpl] - Loaded 1 services.
2013-12-12 17:04:03,432 INFO [org.jasig.cas.services.DefaultServicesManagerImpl] - Reloading registered services.
2013-12-12 17:04:03,432 INFO [org.jasig.cas.services.DefaultServicesManagerImpl] - Loaded 1 services.
2013-12-12 17:06:03,477 INFO [org.jasig.cas.services.DefaultServicesManagerImpl] - Reloading registered services.
2013-12-12 17:06:03,477 INFO [org.jasig.cas.services.DefaultServicesManagerImpl] - Loaded 1 services.
2013-12-12 17:08:03,434 INFO [org.jasig.cas.services.DefaultServicesManagerImpl] - Reloading registered services.
2013-12-12 17:08:03,435 INFO [org.jasig.cas.services.DefaultServicesManagerImpl] - Loaded 1 services.
2013-12-12 17:10:03,432 INFO [org.jasig.cas.services.DefaultServicesManagerImpl] - Reloading registered services.
2013-12-12 17:10:03,432 INFO [org.jasig.cas.services.DefaultServicesManagerImpl] - Loaded 1 services.
2013-12-12 17:12:03,432 INFO [org.jasig.cas.services.DefaultServicesManagerImpl] - Reloading registered services.
2013-12-12 17:12:03,432 INFO [org.jasig.cas.services.DefaultServicesManagerImpl] - Loaded 1 services.
2013-12-12 17:14:03,432 INFO [org.jasig.cas.services.DefaultServicesManagerImpl] - Reloading registered services.
2013-12-12 17:14:03,447 INFO [org.jasig.cas.services.DefaultServicesManagerImpl] - Loaded 1 services.
